<?xml version="1.0" encoding="UTF-8"?>
<!-- Generated by org.testng.reporters.JUnitReportReporter -->
<testsuite skipped="0" hostname="Sathishs-MacBook-Pro.local" name="Tests.BaseTest" tests="1" failures="0" timestamp="11 Oct 2018 06:58:23 GMT" time="2.353" errors="0">
  <testcase name="sample" time="2.353" classname="Tests.BaseTest"/>
</testsuite> <!-- Tests.BaseTest -->
