<?xml version="1.0" encoding="UTF-8"?>
<!-- Generated by org.testng.reporters.JUnitReportReporter -->
<testsuite skipped="0" hostname="Sathishs-MacBook-Pro.local" name="Tests.homeTest" tests="2" failures="0" timestamp="14 Oct 2018 14:08:13 GMT" time="13.122" errors="0">
  <testcase name="recipeDetailsTest" time="6.254" classname="Tests.homeTest"/>
  <testcase name="recipePreviewTest" time="6.868" classname="Tests.homeTest"/>
</testsuite> <!-- Tests.homeTest -->
